<?xml version="1.0" encoding="UTF-8"?>
<!-- Generated by org.testng.reporters.JUnitReportReporter -->
<testsuite hostname="Mangesh-THINK" name="test.etouch.foxpoc.json.TestJson" tests="1" failures="0" timestamp="21 Aug 2013 08:07:19 GMT" time="0.457" errors="0">
  <testcase name="testJsonProductLoadFromResourceProperties" time="0.457" classname="test.etouch.foxpoc.json.TestJson"/>
</testsuite> <!-- test.etouch.foxpoc.json.TestJson -->
