<?xml version="1.0" encoding="UTF-8"?>
<!-- Generated by org.testng.reporters.JUnitReportReporter -->
<testsuite hostname="rgoyal-THINK" name="test.etouch.fox.watch.TestGlobalNav" tests="2" failures="0" timestamp="25 Sep 2013 23:16:01 GMT" time="80.580" errors="0">
  <testcase name="testHoverAWatch" time="19.736" classname="test.etouch.fox.watch.TestGlobalNav"/>
  <testcase name="testHoverAWatch" time="60.844" classname="test.etouch.fox.watch.TestGlobalNav"/>
</testsuite> <!-- test.etouch.fox.watch.TestGlobalNav -->
