<?xml version="1.0" encoding="UTF-8"?>
<!-- Generated by org.testng.reporters.JUnitReportReporter -->
<testsuite hostname="Dt-062" name="test.etouch.foxpoc.watch.TestNFL" tests="1" failures="0" timestamp="7 Sep 2013 06:58:44 GMT" time="0.000" errors="0">
  <testcase name="testVideoLink" time="0.000" classname="test.etouch.foxpoc.watch.TestNFL"/>
</testsuite> <!-- test.etouch.foxpoc.watch.TestNFL -->
