<?xml version="1.0" encoding="UTF-8"?>
<!-- Generated by org.testng.reporters.JUnitReportReporter -->
<testsuite hostname="Dt-062" name="test.etouch.foxpoc.shakenbake.TestShakeAndBakeHeader" tests="26" failures="1" timestamp="19 Jul 2013 05:28:54 GMT" time="1.262" errors="0">
  <testcase name="testSbMsnHeaderMouseOver" time="0.130" classname="test.etouch.foxpoc.shakenbake.TestShakeAndBakeHeader">
    <failure type="org.openqa.selenium.ElementNotVisibleException" message="Element is not currently visible and so may not be interacted with (WARNING: The server did not provide any stacktrace information)
Command duration or timeout: 11 milliseconds
Build info: version: &#039;2.31.0&#039;, revision: &#039;1bd294d185a80fa4206dfeab80ba773c04ac33c0&#039;, time: &#039;2013-02-27 13:51:26&#039;
System info: os.name: &#039;Windows 7&#039;, os.arch: &#039;x86&#039;, os.version: &#039;6.1&#039;, java.version: &#039;1.7.0_21&#039;
Session ID: b3659aa2-cd4d-440d-bd17-13fa33bb3232
Driver info: org.openqa.selenium.firefox.FirefoxDriver
Capabilities [{platform=XP, databaseEnabled=true, cssSelectorsEnabled=true, javascriptEnabled=true, acceptSslCerts=true, handlesAlerts=true, browserName=firefox, browserConnectionEnabled=true, nativeEvents=false, webStorageEnabled=true, rotatable=false, locationContextEnabled=true, applicationCacheEnabled=true, takesScreenshot=true, version=21.0}]">
      <![CDATA[org.openqa.selenium.ElementNotVisibleException: Element is not currently visible and so may not be interacted with (WARNING: The server did not provide any stacktrace information)
Command duration or timeout: 11 milliseconds
Build info: version: '2.31.0', revision: '1bd294d185a80fa4206dfeab80ba773c04ac33c0', time: '2013-02-27 13:51:26'
System info: os.name: 'Windows 7', os.arch: 'x86', os.version: '6.1', java.version: '1.7.0_21'
Session ID: b3659aa2-cd4d-440d-bd17-13fa33bb3232
Driver info: org.openqa.selenium.firefox.FirefoxDriver
Capabilities [{platform=XP, databaseEnabled=true, cssSelectorsEnabled=true, javascriptEnabled=true, acceptSslCerts=true, handlesAlerts=true, browserName=firefox, browserConnectionEnabled=true, nativeEvents=false, webStorageEnabled=true, rotatable=false, locationContextEnabled=true, applicationCacheEnabled=true, takesScreenshot=true, version=21.0}]
	at sun.reflect.NativeConstructorAccessorImpl.newInstance0(Native Method)
	at sun.reflect.NativeConstructorAccessorImpl.newInstance(Unknown Source)
	at sun.reflect.DelegatingConstructorAccessorImpl.newInstance(Unknown Source)
	at java.lang.reflect.Constructor.newInstance(Unknown Source)
	at org.openqa.selenium.remote.ErrorHandler.createThrowable(ErrorHandler.java:187)
	at org.openqa.selenium.remote.ErrorHandler.throwIfResponseFailed(ErrorHandler.java:145)
	at org.openqa.selenium.remote.RemoteWebDriver.execute(RemoteWebDriver.java:554)
	at org.openqa.selenium.remote.RemoteExecuteMethod.execute(RemoteExecuteMethod.java:34)
	at org.openqa.selenium.remote.RemoteMouse.click(RemoteMouse.java:58)
	at org.openqa.selenium.interactions.ClickAction.perform(ClickAction.java:34)
	at org.openqa.selenium.interactions.CompositeAction.perform(CompositeAction.java:31)
	at test.etouch.foxpoc.shakenbake.TestShakeAndBakeHeader.testSbMsnHeaderMouseOver(TestShakeAndBakeHeader.java:56)
	at sun.reflect.NativeMethodAccessorImpl.invoke0(Native Method)
	at sun.reflect.NativeMethodAccessorImpl.invoke(Unknown Source)
	at sun.reflect.DelegatingMethodAccessorImpl.invoke(Unknown Source)
	at java.lang.reflect.Method.invoke(Unknown Source)
	at org.testng.internal.MethodInvocationHelper.invokeMethod(MethodInvocationHelper.java:84)
	at org.testng.internal.Invoker.invokeMethod(Invoker.java:714)
	at org.testng.internal.Invoker.invokeTestMethod(Invoker.java:901)
	at org.testng.internal.Invoker.invokeTestMethods(Invoker.java:1231)
	at org.testng.internal.TestMethodWorker.invokeTestMethods(TestMethodWorker.java:127)
	at org.testng.internal.TestMethodWorker.run(TestMethodWorker.java:111)
	at org.testng.TestRunner.privateRun(TestRunner.java:767)
	at org.testng.TestRunner.run(TestRunner.java:617)
	at org.testng.SuiteRunner.runTest(SuiteRunner.java:335)
	at org.testng.SuiteRunner.runSequentially(SuiteRunner.java:330)
	at org.testng.SuiteRunner.privateRun(SuiteRunner.java:291)
	at org.testng.SuiteRunner.run(SuiteRunner.java:240)
	at org.testng.SuiteRunnerWorker.runSuite(SuiteRunnerWorker.java:52)
	at org.testng.SuiteRunnerWorker.run(SuiteRunnerWorker.java:86)
	at org.testng.TestNG.runSuitesSequentially(TestNG.java:1224)
	at org.testng.TestNG.runSuitesLocally(TestNG.java:1149)
	at org.testng.TestNG.run(TestNG.java:1057)
	at org.testng.remote.RemoteTestNG.run(RemoteTestNG.java:111)
	at org.testng.remote.RemoteTestNG.initAndRun(RemoteTestNG.java:204)
	at org.testng.remote.RemoteTestNG.main(RemoteTestNG.java:175)
]]>
    </failure>
  </testcase> <!-- testSbMsnHeaderMouseOver -->
  <testcase name="testSbHeaderElementPlacements" time="0.315" classname="test.etouch.foxpoc.shakenbake.TestShakeAndBakeHeader"/>
  <testcase name="testSbMsnHeaderMenuItemTextAndLinks" time="0.079" classname="test.etouch.foxpoc.shakenbake.TestShakeAndBakeHeader"/>
  <testcase name="testSbMsnHeaderMenuItemTextAndLinks" time="0.044" classname="test.etouch.foxpoc.shakenbake.TestShakeAndBakeHeader"/>
  <testcase name="testSbHeaderElementPlacements" time="0.025" classname="test.etouch.foxpoc.shakenbake.TestShakeAndBakeHeader"/>
  <testcase name="testSbHeaderElementPlacements" time="0.116" classname="test.etouch.foxpoc.shakenbake.TestShakeAndBakeHeader"/>
  <testcase name="testSbMsnHeaderMenuItemTextAndLinks" time="0.049" classname="test.etouch.foxpoc.shakenbake.TestShakeAndBakeHeader"/>
  <testcase name="testSbHeaderElementPlacements" time="0.025" classname="test.etouch.foxpoc.shakenbake.TestShakeAndBakeHeader"/>
  <testcase name="testSbHeaderElementPlacements" time="0.026" classname="test.etouch.foxpoc.shakenbake.TestShakeAndBakeHeader"/>
  <testcase name="testSbMsnHeaderMenuItemTextAndLinks" time="0.030" classname="test.etouch.foxpoc.shakenbake.TestShakeAndBakeHeader"/>
  <testcase name="testSbMsnHeaderMenuItemTextAndLinks" time="0.045" classname="test.etouch.foxpoc.shakenbake.TestShakeAndBakeHeader"/>
  <testcase name="testSbHeaderElementPlacements" time="0.024" classname="test.etouch.foxpoc.shakenbake.TestShakeAndBakeHeader"/>
  <testcase name="testSbHeaderElementPlacements" time="0.022" classname="test.etouch.foxpoc.shakenbake.TestShakeAndBakeHeader"/>
  <testcase name="testSbHeaderElementPlacements" time="0.020" classname="test.etouch.foxpoc.shakenbake.TestShakeAndBakeHeader"/>
  <testcase name="testSbHeaderElementPlacements" time="0.020" classname="test.etouch.foxpoc.shakenbake.TestShakeAndBakeHeader"/>
  <testcase name="testSbHeaderElementPlacements" time="0.022" classname="test.etouch.foxpoc.shakenbake.TestShakeAndBakeHeader"/>
  <testcase name="testSbHeaderElementPlacements" time="0.021" classname="test.etouch.foxpoc.shakenbake.TestShakeAndBakeHeader"/>
  <testcase name="testSbHeaderElementPlacements" time="0.042" classname="test.etouch.foxpoc.shakenbake.TestShakeAndBakeHeader"/>
  <testcase name="testSbHeaderElementPlacements" time="0.046" classname="test.etouch.foxpoc.shakenbake.TestShakeAndBakeHeader"/>
  <testcase name="testSbHeaderElementPlacements" time="0.024" classname="test.etouch.foxpoc.shakenbake.TestShakeAndBakeHeader"/>
  <testcase name="testSbHeaderElementPlacements" time="0.021" classname="test.etouch.foxpoc.shakenbake.TestShakeAndBakeHeader"/>
  <testcase name="testSbHeaderElementPlacements" time="0.020" classname="test.etouch.foxpoc.shakenbake.TestShakeAndBakeHeader"/>
  <testcase name="testSbHeaderElementPlacements" time="0.022" classname="test.etouch.foxpoc.shakenbake.TestShakeAndBakeHeader"/>
  <testcase name="testSbHeaderElementPlacements" time="0.023" classname="test.etouch.foxpoc.shakenbake.TestShakeAndBakeHeader"/>
  <testcase name="testSbHeaderElementPlacements" time="0.026" classname="test.etouch.foxpoc.shakenbake.TestShakeAndBakeHeader"/>
  <testcase name="testSbHeaderElementPlacements" time="0.025" classname="test.etouch.foxpoc.shakenbake.TestShakeAndBakeHeader"/>
</testsuite> <!-- test.etouch.foxpoc.shakenbake.TestShakeAndBakeHeader -->
