<?xml version="1.0" encoding="UTF-8"?>
<!-- Generated by org.testng.reporters.JUnitReportReporter -->
<testsuite hostname="sjc-vpn7-1969.cisco.com" name="com.etouch.fox.common.OneTest" tests="3" failures="0" timestamp="13 Feb 2014 18:45:17 GMT" time="27.845" errors="0">
  <testcase name="validateAIData" time="13.814" classname="com.etouch.fox.common.OneTest"/>
  <testcase name="validateAIData" time="3.360" classname="com.etouch.fox.common.OneTest"/>
  <testcase name="validateAIData" time="10.671" classname="com.etouch.fox.common.OneTest"/>
</testsuite> <!-- com.etouch.fox.common.OneTest -->
