<?xml version="1.0" encoding="UTF-8"?>
<!-- Generated by org.testng.reporters.JUnitReportReporter -->
<testsuite hostname="schmitzb-mac.local" name="com.etouch.fox.common.demo" tests="8" failures="0" timestamp="19 Feb 2014 00:59:06 GMT" time="49.326" errors="0">
  <testcase name="testSignIn" time="1.965" classname="com.etouch.fox.common.demo"/>
  <testcase name="calCostPurchaseTab" time="18.174" classname="com.etouch.fox.common.demo"/>
  <testcase name="testSignIn" time="1.572" classname="com.etouch.fox.common.demo"/>
  <testcase name="testSignIn" time="4.842" classname="com.etouch.fox.common.demo"/>
  <testcase name="calCostPurchaseTab" time="6.335" classname="com.etouch.fox.common.demo"/>
  <testcase name="testSignIn" time="1.958" classname="com.etouch.fox.common.demo"/>
  <testcase name="calCostPurchaseTab" time="8.074" classname="com.etouch.fox.common.demo"/>
  <testcase name="calCostPurchaseTab" time="6.406" classname="com.etouch.fox.common.demo"/>
</testsuite> <!-- com.etouch.fox.common.demo -->
