<?xml version="1.0" encoding="UTF-8"?>
<!-- Generated by org.testng.reporters.JUnitReportReporter -->
<testsuite hostname="sjc-vpn6-635.cisco.com" name="com.etouch.fox.common.Login" tests="12" failures="0" timestamp="18 Feb 2014 23:47:35 GMT" time="56.364" errors="0">
  <testcase name="testValidECU" time="2.676" classname="com.etouch.fox.common.Login"/>
  <testcase name="invalidTestSignIn" time="5.891" classname="com.etouch.fox.common.Login"/>
  <testcase name="testSignIn" time="1.894" classname="com.etouch.fox.common.Login"/>
  <testcase name="testValidECU" time="2.917" classname="com.etouch.fox.common.Login"/>
  <testcase name="testValidECU" time="7.942" classname="com.etouch.fox.common.Login"/>
  <testcase name="testSignIn" time="1.565" classname="com.etouch.fox.common.Login"/>
  <testcase name="testSignIn" time="4.970" classname="com.etouch.fox.common.Login"/>
  <testcase name="invalidTestSignIn" time="7.645" classname="com.etouch.fox.common.Login"/>
  <testcase name="testSignIn" time="1.959" classname="com.etouch.fox.common.Login"/>
  <testcase name="invalidTestSignIn" time="9.962" classname="com.etouch.fox.common.Login"/>
  <testcase name="invalidTestSignIn" time="5.974" classname="com.etouch.fox.common.Login"/>
  <testcase name="testValidECU" time="2.969" classname="com.etouch.fox.common.Login"/>
</testsuite> <!-- com.etouch.fox.common.Login -->
